2021-10-29 11:03:24 INFO  nopCommerce:53 - Opened browser
2021-10-29 11:03:27 INFO  nopCommerce:14 - Opened URL
2021-10-29 11:03:29 INFO  nopCommerce:18 - Entered Email
2021-10-29 11:03:29 INFO  nopCommerce:20 - Entered password
2021-10-29 11:03:30 INFO  nopCommerce:22 - Clicked on Login button
2021-10-29 11:03:30 INFO  nopCommerce:27 - Login test passed
2021-10-29 11:03:32 INFO  nopCommerce:53 - Opened browser
2021-10-29 11:03:37 INFO  nopCommerce:18 - user name provided
2021-10-29 11:03:37 INFO  nopCommerce:20 - password provided
2021-10-29 11:03:41 INFO  nopCommerce:18 - user name provided
2021-10-29 11:03:41 INFO  nopCommerce:20 - password provided
2021-10-29 11:03:43 INFO  nopCommerce:18 - user name provided
2021-10-29 11:03:43 INFO  nopCommerce:20 - password provided
2021-10-29 11:03:45 INFO  nopCommerce:18 - user name provided
2021-10-29 11:03:46 INFO  nopCommerce:20 - password provided
2021-10-29 11:03:47 INFO  nopCommerce:18 - user name provided
2021-10-29 11:03:47 INFO  nopCommerce:20 - password provided
2021-10-29 11:41:08 INFO  nopCommerce:53 - Opened browser
2021-10-29 11:41:11 INFO  nopCommerce:14 - Opened URL
2021-10-29 11:41:11 INFO  nopCommerce:18 - Entered Email
2021-10-29 11:41:11 INFO  nopCommerce:20 - Entered password
2021-10-29 11:41:13 INFO  nopCommerce:22 - Clicked on Login button
2021-10-29 11:41:13 INFO  nopCommerce:27 - Login test passed
2021-10-29 11:41:14 INFO  nopCommerce:53 - Opened browser
2021-10-29 11:41:19 INFO  nopCommerce:18 - user name provided
2021-10-29 11:41:19 INFO  nopCommerce:20 - password provided
2021-10-29 11:41:22 INFO  nopCommerce:18 - user name provided
2021-10-29 11:41:22 INFO  nopCommerce:20 - password provided
2021-10-29 11:41:24 INFO  nopCommerce:18 - user name provided
2021-10-29 11:41:24 INFO  nopCommerce:20 - password provided
2021-10-29 11:41:25 INFO  nopCommerce:18 - user name provided
2021-10-29 11:41:25 INFO  nopCommerce:20 - password provided
2021-10-29 11:41:28 INFO  nopCommerce:18 - user name provided
2021-10-29 11:41:29 INFO  nopCommerce:20 - password provided
2021-10-29 11:52:49 INFO  nopCommerce:53 - Opened browser
2021-10-29 11:52:51 INFO  nopCommerce:14 - Opened URL
2021-10-29 11:52:53 INFO  nopCommerce:18 - Entered Email
2021-10-29 11:52:53 INFO  nopCommerce:20 - Entered password
2021-10-29 11:52:54 INFO  nopCommerce:22 - Clicked on Login button
2021-10-29 11:52:54 INFO  nopCommerce:27 - Login test passed
2021-10-29 11:52:56 INFO  nopCommerce:53 - Opened browser
2021-10-29 11:53:01 INFO  nopCommerce:18 - user name provided
2021-10-29 11:53:01 INFO  nopCommerce:20 - password provided
2021-10-29 11:53:04 INFO  nopCommerce:18 - user name provided
2021-10-29 11:53:04 INFO  nopCommerce:20 - password provided
2021-10-29 11:53:08 INFO  nopCommerce:18 - user name provided
2021-10-29 11:53:08 INFO  nopCommerce:20 - password provided
2021-10-29 11:53:10 INFO  nopCommerce:18 - user name provided
2021-10-29 11:53:10 INFO  nopCommerce:20 - password provided
2021-10-29 11:53:12 INFO  nopCommerce:18 - user name provided
2021-10-29 11:53:12 INFO  nopCommerce:20 - password provided
2021-10-29 11:57:05 INFO  nopCommerce:53 - Opened browser
2021-10-29 11:57:07 INFO  nopCommerce:14 - Opened URL
2021-10-29 11:57:09 INFO  nopCommerce:18 - Entered Email
2021-10-29 11:57:09 INFO  nopCommerce:20 - Entered password
2021-10-29 11:57:09 INFO  nopCommerce:22 - Clicked on Login button
2021-10-29 11:57:09 INFO  nopCommerce:27 - Login test passed
2021-10-29 11:57:11 INFO  nopCommerce:53 - Opened browser
2021-10-29 11:57:16 INFO  nopCommerce:18 - user name provided
2021-10-29 11:57:16 INFO  nopCommerce:20 - password provided
2021-10-29 11:57:20 INFO  nopCommerce:18 - user name provided
2021-10-29 11:57:20 INFO  nopCommerce:20 - password provided
2021-10-29 11:57:21 INFO  nopCommerce:18 - user name provided
2021-10-29 11:57:21 INFO  nopCommerce:20 - password provided
2021-10-29 11:57:24 INFO  nopCommerce:18 - user name provided
2021-10-29 11:57:24 INFO  nopCommerce:20 - password provided
2021-10-29 11:57:26 INFO  nopCommerce:18 - user name provided
2021-10-29 11:57:26 INFO  nopCommerce:20 - password provided
2021-10-29 14:13:36 INFO  nopCommerce:53 - Opened browser
2021-10-29 14:13:38 INFO  nopCommerce:14 - Opened URL
2021-10-29 14:13:40 INFO  nopCommerce:18 - Entered Email
2021-10-29 14:13:40 INFO  nopCommerce:20 - Entered password
2021-10-29 14:13:41 INFO  nopCommerce:22 - Clicked on Login button
2021-10-29 14:13:41 INFO  nopCommerce:27 - Login test passed
2021-10-29 14:13:44 INFO  nopCommerce:53 - Opened browser
2021-10-29 14:13:49 INFO  nopCommerce:18 - user name provided
2021-10-29 14:13:49 INFO  nopCommerce:20 - password provided
2021-10-29 14:13:52 INFO  nopCommerce:18 - user name provided
2021-10-29 14:13:52 INFO  nopCommerce:20 - password provided
2021-10-29 14:13:55 INFO  nopCommerce:18 - user name provided
2021-10-29 14:13:55 INFO  nopCommerce:20 - password provided
2021-10-29 14:13:56 INFO  nopCommerce:18 - user name provided
2021-10-29 14:13:56 INFO  nopCommerce:20 - password provided
2021-10-29 14:13:57 INFO  nopCommerce:18 - user name provided
2021-10-29 14:13:57 INFO  nopCommerce:20 - password provided
2021-10-29 16:31:44 INFO  nopCommerce:53 - Opened browser
2021-10-29 16:31:46 INFO  nopCommerce:14 - Opened URL
2021-10-29 16:31:48 INFO  nopCommerce:18 - Entered Email
2021-10-29 16:31:48 INFO  nopCommerce:20 - Entered password
2021-10-29 16:31:50 INFO  nopCommerce:22 - Clicked on Login button
2021-10-29 16:31:50 INFO  nopCommerce:27 - Login test passed
2021-10-29 16:31:52 INFO  nopCommerce:53 - Opened browser
2021-10-29 16:31:56 INFO  nopCommerce:18 - user name provided
2021-10-29 16:31:56 INFO  nopCommerce:20 - password provided
2021-10-29 16:32:01 INFO  nopCommerce:18 - user name provided
2021-10-29 16:32:01 INFO  nopCommerce:20 - password provided
2021-10-29 16:32:03 INFO  nopCommerce:18 - user name provided
2021-10-29 16:32:03 INFO  nopCommerce:20 - password provided
2021-10-29 16:32:06 INFO  nopCommerce:18 - user name provided
2021-10-29 16:32:06 INFO  nopCommerce:20 - password provided
2021-10-29 16:32:08 INFO  nopCommerce:18 - user name provided
2021-10-29 16:32:08 INFO  nopCommerce:20 - password provided
2021-10-29 16:33:44 INFO  nopCommerce:53 - Opened browser
2021-10-29 16:33:46 INFO  nopCommerce:14 - Opened URL
2021-10-29 16:33:47 INFO  nopCommerce:18 - Entered Email
2021-10-29 16:33:47 INFO  nopCommerce:20 - Entered password
2021-10-29 16:37:52 INFO  nopCommerce:53 - Opened browser
2021-10-29 16:37:54 INFO  nopCommerce:14 - Opened URL
2021-10-29 16:37:56 INFO  nopCommerce:18 - Entered Email
2021-10-29 16:37:56 INFO  nopCommerce:20 - Entered password
2021-10-29 16:37:57 INFO  nopCommerce:22 - Clicked on Login button
2021-10-29 16:37:57 INFO  nopCommerce:27 - Login test passed
2021-10-29 16:37:59 INFO  nopCommerce:53 - Opened browser
2021-10-29 16:38:04 INFO  nopCommerce:18 - user name provided
2021-10-29 16:38:05 INFO  nopCommerce:20 - password provided
2021-10-29 16:38:07 INFO  nopCommerce:18 - user name provided
2021-10-29 16:38:07 INFO  nopCommerce:20 - password provided
2021-10-29 16:38:10 INFO  nopCommerce:18 - user name provided
2021-10-29 16:38:10 INFO  nopCommerce:20 - password provided
2021-10-29 16:38:12 INFO  nopCommerce:18 - user name provided
2021-10-29 16:38:12 INFO  nopCommerce:20 - password provided
2021-10-29 16:38:16 INFO  nopCommerce:18 - user name provided
2021-10-29 16:38:16 INFO  nopCommerce:20 - password provided
2021-10-29 17:09:47 INFO  nopCommerce:53 - Opened browser
2021-10-29 17:09:49 INFO  nopCommerce:14 - Opened URL
2021-10-29 17:09:51 INFO  nopCommerce:18 - Entered Email
2021-10-29 17:09:51 INFO  nopCommerce:20 - Entered password
2021-10-29 17:09:53 INFO  nopCommerce:22 - Clicked on Login button
2021-10-29 17:09:53 INFO  nopCommerce:27 - Login test passed
2021-10-29 17:09:55 INFO  nopCommerce:53 - Opened browser
2021-10-29 17:10:00 INFO  nopCommerce:18 - user name provided
2021-10-29 17:10:01 INFO  nopCommerce:20 - password provided
2021-10-29 17:10:04 INFO  nopCommerce:18 - user name provided
2021-10-29 17:10:04 INFO  nopCommerce:20 - password provided
2021-10-29 17:10:06 INFO  nopCommerce:18 - user name provided
2021-10-29 17:10:06 INFO  nopCommerce:20 - password provided
2021-10-29 17:10:07 INFO  nopCommerce:18 - user name provided
2021-10-29 17:10:07 INFO  nopCommerce:20 - password provided
2021-10-29 17:10:10 INFO  nopCommerce:18 - user name provided
2021-10-29 17:10:10 INFO  nopCommerce:20 - password provided
2021-10-29 17:13:22 INFO  nopCommerce:53 - Opened browser
2021-10-29 17:13:24 INFO  nopCommerce:14 - Opened URL
2021-10-29 17:13:26 INFO  nopCommerce:18 - Entered Email
2021-10-29 17:13:26 INFO  nopCommerce:20 - Entered password
2021-10-29 17:13:28 INFO  nopCommerce:22 - Clicked on Login button
2021-10-29 17:13:28 INFO  nopCommerce:27 - Login test passed
2021-10-29 17:13:30 INFO  nopCommerce:53 - Opened browser
2021-10-29 17:13:35 INFO  nopCommerce:18 - user name provided
2021-10-29 17:13:35 INFO  nopCommerce:20 - password provided
2021-10-29 17:13:39 INFO  nopCommerce:18 - user name provided
2021-10-29 17:13:39 INFO  nopCommerce:20 - password provided
2021-10-29 17:13:41 INFO  nopCommerce:18 - user name provided
2021-10-29 17:13:41 INFO  nopCommerce:20 - password provided
2021-10-29 17:13:42 INFO  nopCommerce:18 - user name provided
2021-10-29 17:13:42 INFO  nopCommerce:20 - password provided
2021-10-29 17:13:45 INFO  nopCommerce:18 - user name provided
2021-10-29 17:13:45 INFO  nopCommerce:20 - password provided
2021-10-29 22:07:14 INFO  nopCommerce:53 - Opened browser
2021-10-29 22:07:16 INFO  nopCommerce:14 - Opened URL
2021-10-29 22:07:18 INFO  nopCommerce:18 - Entered Email
2021-10-29 22:07:18 INFO  nopCommerce:20 - Entered password
2021-10-29 22:07:19 INFO  nopCommerce:22 - Clicked on Login button
2021-10-29 22:07:19 INFO  nopCommerce:27 - Login test passed
2021-10-29 22:07:21 INFO  nopCommerce:53 - Opened browser
2021-10-29 22:07:27 INFO  nopCommerce:18 - user name provided
2021-10-29 22:07:27 INFO  nopCommerce:20 - password provided
2021-10-29 22:07:29 INFO  nopCommerce:18 - user name provided
2021-10-29 22:07:30 INFO  nopCommerce:20 - password provided
2021-10-29 22:07:32 INFO  nopCommerce:18 - user name provided
2021-10-29 22:07:32 INFO  nopCommerce:20 - password provided
2021-10-29 22:07:34 INFO  nopCommerce:18 - user name provided
2021-10-29 22:07:34 INFO  nopCommerce:20 - password provided
2021-10-29 22:07:37 INFO  nopCommerce:18 - user name provided
2021-10-29 22:07:37 INFO  nopCommerce:20 - password provided
2021-10-29 22:10:11 INFO  nopCommerce:53 - Opened browser
2021-10-29 22:10:13 INFO  nopCommerce:14 - Opened URL
2021-10-29 22:10:14 INFO  nopCommerce:18 - Entered Email
2021-10-29 22:10:14 INFO  nopCommerce:20 - Entered password
2021-10-29 22:10:16 INFO  nopCommerce:22 - Clicked on Login button
2021-10-29 22:10:16 INFO  nopCommerce:27 - Login test passed
2021-10-29 22:10:18 INFO  nopCommerce:53 - Opened browser
2021-10-29 22:10:23 INFO  nopCommerce:18 - user name provided
2021-10-29 22:10:23 INFO  nopCommerce:20 - password provided
2021-10-29 22:10:27 INFO  nopCommerce:18 - user name provided
2021-10-29 22:10:27 INFO  nopCommerce:20 - password provided
2021-10-29 22:10:29 INFO  nopCommerce:18 - user name provided
2021-10-29 22:10:29 INFO  nopCommerce:20 - password provided
2021-10-29 22:10:30 INFO  nopCommerce:18 - user name provided
2021-10-29 22:10:30 INFO  nopCommerce:20 - password provided
2021-10-29 22:10:34 INFO  nopCommerce:18 - user name provided
2021-10-29 22:10:34 INFO  nopCommerce:20 - password provided
2021-10-29 22:31:12 INFO  nopCommerce:53 - Opened browser
2021-10-29 22:31:14 INFO  nopCommerce:14 - Opened URL
2021-10-29 22:31:16 INFO  nopCommerce:18 - Entered Email
2021-10-29 22:31:16 INFO  nopCommerce:20 - Entered password
2021-10-29 22:31:18 INFO  nopCommerce:22 - Clicked on Login button
2021-10-29 22:31:18 INFO  nopCommerce:27 - Login test passed
2021-10-29 22:31:20 INFO  nopCommerce:53 - Opened browser
2021-10-29 22:31:26 INFO  nopCommerce:18 - user name provided
2021-10-29 22:31:27 INFO  nopCommerce:20 - password provided
2021-10-29 22:31:30 INFO  nopCommerce:18 - user name provided
2021-10-29 22:31:31 INFO  nopCommerce:20 - password provided
2021-10-29 22:31:33 INFO  nopCommerce:18 - user name provided
2021-10-29 22:31:33 INFO  nopCommerce:20 - password provided
2021-10-29 22:31:34 INFO  nopCommerce:18 - user name provided
2021-10-29 22:31:34 INFO  nopCommerce:20 - password provided
2021-10-29 22:31:37 INFO  nopCommerce:18 - user name provided
2021-10-29 22:31:37 INFO  nopCommerce:20 - password provided
2021-10-29 22:55:23 INFO  nopCommerce:53 - Opened browser
2021-10-29 22:55:25 INFO  nopCommerce:14 - Opened URL
2021-10-29 22:55:27 INFO  nopCommerce:18 - Entered Email
2021-10-29 22:55:27 INFO  nopCommerce:20 - Entered password
2021-10-29 22:55:28 INFO  nopCommerce:22 - Clicked on Login button
2021-10-29 22:55:29 INFO  nopCommerce:27 - Login test passed
2021-10-29 22:55:31 INFO  nopCommerce:53 - Opened browser
2021-10-29 22:55:36 INFO  nopCommerce:18 - user name provided
2021-10-29 22:55:36 INFO  nopCommerce:20 - password provided
2021-10-29 22:55:40 INFO  nopCommerce:18 - user name provided
2021-10-29 22:55:40 INFO  nopCommerce:20 - password provided
2021-10-29 22:55:43 INFO  nopCommerce:18 - user name provided
2021-10-29 22:55:43 INFO  nopCommerce:20 - password provided
2021-10-29 22:55:45 INFO  nopCommerce:18 - user name provided
2021-10-29 22:55:45 INFO  nopCommerce:20 - password provided
2021-10-29 22:55:47 INFO  nopCommerce:18 - user name provided
2021-10-29 22:55:47 INFO  nopCommerce:20 - password provided
2021-10-31 14:05:49 INFO  nopCommerce:53 - Opened browser
2021-10-31 14:05:51 INFO  nopCommerce:14 - Opened URL
2021-10-31 14:05:53 INFO  nopCommerce:18 - Entered Email
2021-10-31 14:05:53 INFO  nopCommerce:20 - Entered password
2021-10-31 14:05:54 INFO  nopCommerce:22 - Clicked on Login button
2021-10-31 14:05:54 INFO  nopCommerce:27 - Login test passed
2021-10-31 14:05:57 INFO  nopCommerce:53 - Opened browser
2021-10-31 14:06:02 INFO  nopCommerce:18 - user name provided
2021-10-31 14:06:02 INFO  nopCommerce:20 - password provided
2021-10-31 14:06:06 INFO  nopCommerce:18 - user name provided
2021-10-31 14:06:06 INFO  nopCommerce:20 - password provided
2021-10-31 14:06:08 INFO  nopCommerce:18 - user name provided
2021-10-31 14:06:08 INFO  nopCommerce:20 - password provided
2021-10-31 14:06:10 INFO  nopCommerce:18 - user name provided
2021-10-31 14:06:10 INFO  nopCommerce:20 - password provided
2021-10-31 14:06:12 INFO  nopCommerce:18 - user name provided
2021-10-31 14:06:12 INFO  nopCommerce:20 - password provided
2021-10-31 14:07:26 INFO  nopCommerce:53 - Opened browser
2021-10-31 14:07:27 INFO  nopCommerce:14 - Opened URL
2021-10-31 14:07:29 INFO  nopCommerce:18 - Entered Email
2021-10-31 14:07:30 INFO  nopCommerce:20 - Entered password
2021-10-31 14:07:30 INFO  nopCommerce:22 - Clicked on Login button
2021-10-31 14:07:30 INFO  nopCommerce:27 - Login test passed
2021-10-31 14:07:32 INFO  nopCommerce:53 - Opened browser
2021-10-31 14:07:38 INFO  nopCommerce:18 - user name provided
2021-10-31 14:07:38 INFO  nopCommerce:20 - password provided
2021-10-31 14:07:43 INFO  nopCommerce:18 - user name provided
2021-10-31 14:07:43 INFO  nopCommerce:20 - password provided
2021-10-31 14:07:47 INFO  nopCommerce:18 - user name provided
2021-10-31 14:07:47 INFO  nopCommerce:20 - password provided
2021-10-31 14:07:49 INFO  nopCommerce:18 - user name provided
2021-10-31 14:07:49 INFO  nopCommerce:20 - password provided
2021-10-31 14:07:50 INFO  nopCommerce:18 - user name provided
2021-10-31 14:07:50 INFO  nopCommerce:20 - password provided
